2024-03-01 00:08:10,930 - FLASK HOST - INFO - Database contains 1992-1993: CHI and NYK!
2024-03-01 00:08:26,980 - FLASK HOST - INFO - Database contains 1992-1993: CHI and NYK!
2024-03-01 00:41:56,708 - FLASK HOST - INFO - Database contains 1992-1993: CLE and MIN!
2024-03-01 16:32:35,095 - FLASK HOST - INFO - Database contains 1992-1993: GSW and CHI!
2024-03-01 17:26:31,076 - FLASK HOST - INFO - Database contains 1991-1992: CHI and BOS!
2024-03-01 17:26:31,127 - FLASK HOST - ERROR - get_monte_carlo_sim() raised Exception while responding to request: time data '' does not match format '%Y-%m-%d'
2024-03-01 17:29:19,233 - FLASK HOST - INFO - Database contains 1991-1992: CHI and BOS!
2024-03-01 17:29:19,256 - FLASK HOST - ERROR - get_monte_carlo_sim() raised Exception while responding to request: time data '' does not match format '%Y-%m-%d'
2024-03-01 17:34:25,272 - FLASK HOST - INFO - Database contains 1991-1992: CHI and BOS!
2024-03-01 17:34:25,293 - FLASK HOST - ERROR - get_monte_carlo_sim() raised Exception while responding to request: time data '' does not match format '%Y-%m-%d'
2024-03-01 17:36:50,023 - FLASK HOST - INFO - DAL for 1994-1995 season is not in DB!
2024-03-01 17:36:50,247 - FLASK HOST - INFO - IND for 1994-1995 season is not in DB!
2024-03-01 17:36:50,454 - FLASK HOST - INFO - DAL for 1995-1996 season is not in DB!
2024-03-01 17:36:50,667 - FLASK HOST - INFO - IND for 1995-1996 season is not in DB!
2024-03-01 17:36:50,667 - FLASK HOST - INFO - Response with 204: DAL IND sent to client.
2024-03-01 17:39:31,633 - FLASK HOST - INFO - Database contains 1991-1992: CHI and GSW!
2024-03-01 17:39:31,670 - FLASK HOST - ERROR - get_monte_carlo_sim() raised Exception while responding to request: time data '' does not match format '%Y-%m-%d'
2024-03-01 17:40:24,318 - FLASK HOST - INFO - Database contains 1992-1993: DEN and DET!
2024-03-01 17:40:24,339 - FLASK HOST - ERROR - get_monte_carlo_sim() raised Exception while responding to request: time data '' does not match format '%Y-%m-%d'
2024-03-01 17:40:32,589 - FLASK HOST - INFO - Database contains 1992-1993: DEN and DET!
2024-03-01 17:50:37,813 - FLASK HOST - INFO - Database contains 1993-1994: CHI and HOU!
2024-03-01 17:53:08,736 - FLASK HOST - INFO - Database contains 1991-1992: CHI and BOS!
2024-03-01 19:36:41,277 - FLASK HOST - INFO - Database contains 1991-1992: CHI and BOS!
2024-03-01 20:30:10,403 - FLASK HOST - INFO - Database contains 1991-1992: CHI and BOS!
2024-03-01 20:33:30,553 - FLASK HOST - INFO - Database contains 1991-1992: CHI and BOS!
2024-03-01 20:35:48,562 - FLASK HOST - INFO - Database contains 1991-1992: CHI and BOS!
2024-03-01 20:39:44,508 - FLASK HOST - INFO - Database contains 1991-1992: CHI and BOS!
2024-03-01 20:42:54,415 - FLASK HOST - INFO - Database contains 1991-1992: CHI and BOS!
2024-03-01 20:46:24,426 - FLASK HOST - INFO - Database contains 1991-1992: CHI and BOS!
2024-03-01 20:49:06,457 - FLASK HOST - INFO - Database contains 1991-1992: CHI and BOS!
2024-03-01 20:51:09,442 - FLASK HOST - INFO - Database contains 1991-1992: CHI and BOS!
2024-03-01 20:52:27,414 - FLASK HOST - INFO - Database contains 1991-1992: CHI and BOS!
2024-03-01 20:57:35,880 - FLASK HOST - INFO - Database contains 1991-1992: CHI and BOS!
2024-03-01 20:58:50,911 - FLASK HOST - INFO - Database contains 1991-1992: CHI and BOS!
2024-03-01 21:01:01,410 - FLASK HOST - INFO - Database contains 1991-1992: CHI and BOS!
2024-03-01 21:03:15,617 - FLASK HOST - INFO - Database contains 1991-1992: CHI and BOS!
2024-03-01 21:05:32,325 - FLASK HOST - INFO - Database contains 1991-1992: CHI and BOS!
2024-03-01 21:09:29,648 - FLASK HOST - INFO - Database contains 1991-1992: CHI and BOS!
2024-03-01 21:11:09,715 - FLASK HOST - INFO - Database contains 1991-1992: CHI and BOS!
2024-03-01 21:12:53,921 - FLASK HOST - INFO - Database contains 1991-1992: CHI and BOS!
2024-03-01 21:14:14,828 - FLASK HOST - INFO - Database contains 1991-1992: CHI and BOS!
2024-03-01 21:20:27,976 - FLASK HOST - INFO - Database contains 1992-1993: CHI and HOU!
2024-03-01 21:21:30,978 - FLASK HOST - INFO - Database contains 1991-1992: CHI and BOS!
2024-03-01 21:22:53,365 - FLASK HOST - INFO - Database contains 1991-1992: CHI and BOS!
2024-03-01 22:40:24,488 - FLASK HOST - INFO - Database contains 1992-1993: CHI and BOS!
2024-03-01 22:40:24,755 - FLASK HOST - ERROR - get_monte_carlo_sim() raised Exception while responding to request: Total of weights must be greater than zero
2024-03-01 22:41:06,894 - FLASK HOST - INFO - Database contains 1992-1993: CHI and BOS!
2024-03-01 22:41:07,094 - FLASK HOST - ERROR - get_monte_carlo_sim() raised Exception while responding to request: Total of weights must be greater than zero
2024-03-01 22:41:13,630 - FLASK HOST - INFO - Database contains 1992-1993: CHI and BOS!
2024-03-01 22:41:13,818 - FLASK HOST - ERROR - get_monte_carlo_sim() raised Exception while responding to request: Total of weights must be greater than zero
2024-03-01 22:42:09,840 - FLASK HOST - INFO - Database contains 1991-1992: BOS and MIL!
2024-03-01 22:42:20,489 - FLASK HOST - INFO - Database contains 1991-1992: BOS and MIL!
2024-03-01 22:42:50,934 - FLASK HOST - INFO - Database contains 1991-1992: CHI and BOS!
2024-03-01 22:42:57,629 - FLASK HOST - INFO - Database contains 1991-1992: CHI and BOS!
2024-03-01 22:43:06,470 - FLASK HOST - INFO - Database contains 1992-1993: CHI and BOS!
2024-03-01 22:43:06,630 - FLASK HOST - ERROR - get_monte_carlo_sim() raised Exception while responding to request: Total of weights must be greater than zero
2024-03-01 22:43:15,110 - FLASK HOST - INFO - Database contains 1992-1993: CHI and BOS!
2024-03-01 22:43:15,274 - FLASK HOST - ERROR - get_monte_carlo_sim() raised Exception while responding to request: Total of weights must be greater than zero
2024-03-01 22:44:09,052 - FLASK HOST - INFO - Database contains 1993-1994: CHI and BOS!
2024-03-01 22:44:14,598 - FLASK HOST - INFO - Database contains 1993-1994: CHI and BOS!
2024-03-01 22:44:14,766 - FLASK HOST - ERROR - get_monte_carlo_sim() raised Exception while responding to request: Total of weights must be greater than zero
2024-03-01 22:44:32,071 - FLASK HOST - INFO - CHI for 1994-1995 season is not in DB!
2024-03-01 22:44:32,210 - FLASK HOST - INFO - BOS for 1994-1995 season is not in DB!
2024-03-01 22:44:32,210 - FLASK HOST - INFO - Response with 204: CHI BOS sent to client.
2024-03-01 22:45:01,036 - FLASK HOST - INFO - CHI for 1994-1995 season is not in DB!
2024-03-01 22:45:01,088 - FLASK HOST - INFO - BOS for 1994-1995 season is not in DB!
2024-03-01 22:45:01,088 - FLASK HOST - INFO - Response with 204: CHI BOS sent to client.
2024-03-01 22:45:07,570 - FLASK HOST - INFO - Database contains 1991-1992: ATL and BOS!
2024-03-01 22:47:13,070 - FLASK HOST - INFO - Database contains 1991-1992: CHI and BOS!
2024-03-01 22:54:26,031 - FLASK HOST - INFO - Database contains 1991-1992: ATL and UTA!
2024-03-01 22:54:35,958 - FLASK HOST - INFO - Database contains 1991-1992: BOS and ATL!
2024-03-01 22:54:44,228 - FLASK HOST - INFO - Database contains 1991-1992: CHA and BOS!
2024-03-01 22:54:51,790 - FLASK HOST - INFO - Database contains 1991-1992: CHI and CHA!
2024-03-01 22:54:59,683 - FLASK HOST - INFO - Database contains 1991-1992: CLE and CHI!
2024-03-01 22:55:10,071 - FLASK HOST - INFO - Database contains 1991-1992: DAL and CLE!
2024-03-01 22:55:10,258 - FLASK HOST - ERROR - get_monte_carlo_sim() raised Exception while responding to request: Total of weights must be greater than zero
2024-03-01 23:09:42,195 - FLASK HOST - INFO - Database contains 1991-1992: ATL and UTA!
2024-03-02 03:27:54,616 - FLASK HOST - INFO - Database contains 1991-1992: ATL and UTA!
2024-03-02 03:28:01,281 - FLASK HOST - INFO - Database contains 1991-1992: BOS and ATL!
2024-03-02 03:28:07,793 - FLASK HOST - INFO - Database contains 1991-1992: CHA and BOS!
2024-03-02 03:28:14,704 - FLASK HOST - INFO - Database contains 1991-1992: CHI and CHA!
2024-03-02 03:28:21,847 - FLASK HOST - INFO - Database contains 1991-1992: CLE and CHI!
2024-03-02 03:28:28,861 - FLASK HOST - INFO - Database contains 1991-1992: DAL and CLE!
2024-03-02 03:28:29,073 - FLASK HOST - ERROR - get_monte_carlo_sim() raised Exception while responding to request: Total of weights must be greater than zero
2024-03-02 03:29:03,224 - FLASK HOST - INFO - Database contains 1991-1992: DEN and DAL!
2024-03-02 03:29:10,314 - FLASK HOST - INFO - Database contains 1991-1992: DET and DEN!
2024-03-02 03:29:18,211 - FLASK HOST - INFO - Database contains 1991-1992: GSW and DET!
2024-03-02 03:29:18,425 - FLASK HOST - ERROR - get_monte_carlo_sim() raised Exception while responding to request: Total of weights must be greater than zero
2024-03-02 03:29:51,602 - FLASK HOST - INFO - Database contains 1991-1992: HOU and GSW!
2024-03-02 03:29:58,715 - FLASK HOST - INFO - Database contains 1991-1992: IND and HOU!
2024-03-02 03:29:58,935 - FLASK HOST - ERROR - get_monte_carlo_sim() raised Exception while responding to request: Total of weights must be greater than zero
2024-03-02 03:30:41,646 - FLASK HOST - INFO - Database contains 1991-1992: DET and UTA!
2024-03-02 03:30:48,574 - FLASK HOST - INFO - Database contains 1991-1992: MIA and LAL!
2024-03-02 03:30:55,723 - FLASK HOST - INFO - Database contains 1991-1992: MIL and MIA!
2024-03-02 03:30:55,913 - FLASK HOST - ERROR - get_monte_carlo_sim() raised Exception while responding to request: Total of weights must be greater than zero
2024-03-02 03:31:04,067 - FLASK HOST - INFO - Database contains 1991-1992: MIN and MIL!
2024-03-02 03:31:11,002 - FLASK HOST - INFO - Database contains 1991-1992: NYK and MIN!
2024-03-02 03:31:18,172 - FLASK HOST - INFO - Database contains 1991-1992: ORL and NYK!
2024-03-02 03:31:25,111 - FLASK HOST - INFO - Database contains 1991-1992: PHI and ORL!
2024-03-02 03:31:25,334 - FLASK HOST - ERROR - get_monte_carlo_sim() raised Exception while responding to request: Total of weights must be greater than zero
2024-03-02 03:31:33,500 - FLASK HOST - INFO - Database contains 1991-1992: PHX and PHI!
2024-03-02 03:31:41,014 - FLASK HOST - INFO - Database contains 1991-1992: POR and PHX!
2024-03-02 03:31:41,204 - FLASK HOST - ERROR - get_monte_carlo_sim() raised Exception while responding to request: Total of weights must be greater than zero
2024-03-02 03:31:49,127 - FLASK HOST - INFO - Database contains 1991-1992: SAC and POR!
2024-03-02 03:31:56,758 - FLASK HOST - INFO - Database contains 1991-1992: SAS and SAC!
2024-03-02 03:32:03,704 - FLASK HOST - INFO - Database contains 1991-1992: UTA and SAS!
2024-03-02 03:33:46,762 - FLASK HOST - INFO - Database contains 1991-1992: ATL and UTA!
2024-03-02 03:33:54,426 - FLASK HOST - INFO - Database contains 1991-1992: BOS and ATL!
2024-03-02 03:34:01,311 - FLASK HOST - INFO - Database contains 1991-1992: CHA and BOS!
2024-03-02 03:34:08,365 - FLASK HOST - INFO - Database contains 1991-1992: CHI and CHA!
2024-03-02 03:34:15,783 - FLASK HOST - INFO - Database contains 1991-1992: CLE and CHI!
2024-03-02 03:34:22,986 - FLASK HOST - INFO - Database contains 1991-1992: DAL and CLE!
2024-03-02 03:34:23,169 - FLASK HOST - ERROR - get_monte_carlo_sim() raised Exception while responding to request: Total of weights must be greater than zero
2024-03-02 03:34:57,307 - FLASK HOST - INFO - Database contains 1991-1992: DEN and DAL!
2024-03-02 03:35:04,200 - FLASK HOST - INFO - Database contains 1991-1992: DET and DEN!
2024-03-02 03:35:11,108 - FLASK HOST - INFO - Database contains 1991-1992: GSW and DET!
2024-03-02 03:35:11,325 - FLASK HOST - ERROR - get_monte_carlo_sim() raised Exception while responding to request: Total of weights must be greater than zero
2024-03-02 03:35:45,769 - FLASK HOST - INFO - Database contains 1991-1992: HOU and GSW!
2024-03-02 03:35:52,825 - FLASK HOST - INFO - Database contains 1991-1992: IND and HOU!
2024-03-02 03:35:53,067 - FLASK HOST - ERROR - get_monte_carlo_sim() raised Exception while responding to request: Total of weights must be greater than zero
2024-03-02 03:36:27,303 - FLASK HOST - INFO - Database contains 1991-1992: LAC and IND!
2024-03-02 03:36:34,339 - FLASK HOST - INFO - Database contains 1991-1992: LAL and LAC!
2024-03-02 03:36:41,251 - FLASK HOST - INFO - Database contains 1991-1992: MIA and LAL!
2024-03-02 03:36:48,440 - FLASK HOST - INFO - Database contains 1991-1992: MIL and MIA!
2024-03-02 03:36:48,619 - FLASK HOST - ERROR - get_monte_carlo_sim() raised Exception while responding to request: Total of weights must be greater than zero
2024-03-02 03:37:23,244 - FLASK HOST - INFO - Database contains 1991-1992: MIN and MIL!
2024-03-02 03:37:30,473 - FLASK HOST - INFO - Database contains 1991-1992: NYK and MIN!
2024-03-02 03:37:37,821 - FLASK HOST - INFO - Database contains 1991-1992: ORL and NYK!
2024-03-02 03:37:44,924 - FLASK HOST - INFO - Database contains 1991-1992: PHI and ORL!
2024-03-02 03:37:45,120 - FLASK HOST - ERROR - get_monte_carlo_sim() raised Exception while responding to request: Total of weights must be greater than zero
2024-03-02 03:38:20,135 - FLASK HOST - INFO - Database contains 1991-1992: PHX and PHI!
2024-03-02 03:38:27,928 - FLASK HOST - INFO - Database contains 1991-1992: POR and PHX!
2024-03-02 03:38:28,117 - FLASK HOST - ERROR - get_monte_carlo_sim() raised Exception while responding to request: Total of weights must be greater than zero
2024-03-02 03:39:02,663 - FLASK HOST - INFO - Database contains 1991-1992: SAC and POR!
2024-03-02 03:39:09,766 - FLASK HOST - INFO - Database contains 1991-1992: SAS and SAC!
2024-03-02 03:39:16,837 - FLASK HOST - INFO - Database contains 1991-1992: UTA and SAS!
2024-03-02 03:44:05,399 - FLASK HOST - INFO - Database contains 1991-1992: ATL and UTA!
2024-03-02 03:44:12,181 - FLASK HOST - INFO - Database contains 1991-1992: BOS and ATL!
2024-03-02 03:44:19,304 - FLASK HOST - INFO - Database contains 1991-1992: CHA and BOS!
2024-03-02 03:44:26,571 - FLASK HOST - INFO - Database contains 1991-1992: CHI and CHA!
2024-03-02 03:44:34,056 - FLASK HOST - INFO - Database contains 1991-1992: CLE and CHI!
2024-03-02 03:44:40,798 - FLASK HOST - INFO - Database contains 1991-1992: DAL and CLE!
2024-03-02 03:44:41,029 - FLASK HOST - ERROR - get_monte_carlo_sim() raised Exception while responding to request: Total of weights must be greater than zero
2024-03-02 03:45:15,472 - FLASK HOST - INFO - Database contains 1991-1992: DEN and DAL!
2024-03-02 03:45:22,651 - FLASK HOST - INFO - Database contains 1991-1992: DET and DEN!
2024-03-02 03:45:29,916 - FLASK HOST - INFO - Database contains 1991-1992: GSW and DET!
2024-03-02 03:45:30,116 - FLASK HOST - ERROR - get_monte_carlo_sim() raised Exception while responding to request: Total of weights must be greater than zero
2024-03-02 03:46:04,358 - FLASK HOST - INFO - Database contains 1991-1992: HOU and GSW!
2024-03-02 03:46:11,227 - FLASK HOST - INFO - Database contains 1991-1992: IND and HOU!
2024-03-02 03:46:11,437 - FLASK HOST - ERROR - get_monte_carlo_sim() raised Exception while responding to request: Total of weights must be greater than zero
2024-03-02 03:46:45,693 - FLASK HOST - INFO - Database contains 1991-1992: LAC and IND!
2024-03-02 03:46:52,977 - FLASK HOST - INFO - Database contains 1991-1992: LAL and LAC!
2024-03-02 03:47:00,840 - FLASK HOST - INFO - Database contains 1991-1992: MIA and LAL!
2024-03-02 03:47:08,441 - FLASK HOST - INFO - Database contains 1991-1992: MIL and MIA!
2024-03-02 03:47:08,705 - FLASK HOST - ERROR - get_monte_carlo_sim() raised Exception while responding to request: Total of weights must be greater than zero
2024-03-02 03:47:43,237 - FLASK HOST - INFO - Database contains 1991-1992: MIN and MIL!
2024-03-02 03:47:50,257 - FLASK HOST - INFO - Database contains 1991-1992: NYK and MIN!
2024-03-02 03:47:57,398 - FLASK HOST - INFO - Database contains 1991-1992: ORL and NYK!
2024-03-02 03:48:04,522 - FLASK HOST - INFO - Database contains 1991-1992: PHI and ORL!
2024-03-02 03:48:04,700 - FLASK HOST - ERROR - get_monte_carlo_sim() raised Exception while responding to request: Total of weights must be greater than zero
2024-03-02 03:48:39,569 - FLASK HOST - INFO - Database contains 1991-1992: PHX and PHI!
2024-03-02 03:48:46,903 - FLASK HOST - INFO - Database contains 1991-1992: POR and PHX!
2024-03-02 03:48:47,083 - FLASK HOST - ERROR - get_monte_carlo_sim() raised Exception while responding to request: Total of weights must be greater than zero
2024-03-02 03:49:22,175 - FLASK HOST - INFO - Database contains 1991-1992: SAC and POR!
2024-03-02 03:49:29,885 - FLASK HOST - INFO - Database contains 1991-1992: SAS and SAC!
2024-03-02 03:49:37,710 - FLASK HOST - INFO - Database contains 1991-1992: UTA and SAS!
2024-03-02 11:41:33,638 - FLASK HOST - INFO - Database contains 1991-1992: POR and PHX!
2024-03-02 11:41:33,837 - FLASK HOST - ERROR - get_monte_carlo_sim() raised Exception while responding to request: Total of weights must be greater than zero
2024-03-02 11:41:41,193 - FLASK HOST - INFO - Database contains 1991-1992: POR and PHX!
2024-03-02 11:50:09,090 - FLASK HOST - INFO - Database contains 1991-1992: PHX and POR!
2024-03-02 11:50:09,300 - FLASK HOST - ERROR - get_monte_carlo_sim() raised Exception while responding to request: Total of weights must be greater than zero
